Command line invocation:
    /Applications/Xcode.app/Contents/Developer/usr/bin/xcodebuild -project Promtier.xcodeproj -scheme Promtier build

Resolve Package Graph


Resolved source packages:
  Sparkle: https://github.com/sparkle-project/Sparkle @ 2.9.0

--- xcodebuild: WARNING: Using the first of multiple matching destinations:
{ platform:macOS, arch:arm64, id:00008103-000C15190AE2001E, name:My Mac }
{ platform:macOS, arch:x86_64, id:00008103-000C15190AE2001E, name:My Mac }
{ platform:macOS, name:Any Mac }
ComputePackagePrebuildTargetDependencyGraph

Prepare packages

CreateBuildRequest

SendProjectDescription

CreateBuildOperation

ComputeTargetDependencyGraph
note: Building targets in dependency order
note: Target dependency graph (2 targets)
    Target 'Promtier' in project 'Promtier'
        ➜ Explicit dependency on target 'Sparkle' in project 'Sparkle'
    Target 'Sparkle' in project 'Sparkle' (no dependencies)

GatherProvisioningInputs

CreateBuildDescription

ExecuteExternalTool /Applications/Xcode.app/Contents/Developer/Toolchains/XcodeDefault.xctoolchain/usr/bin/clang -v -E -dM -isysroot /Applications/Xcode.app/Contents/Developer/Platforms/MacOSX.platform/Developer/SDKs/MacOSX26.2.sdk -x c -c /dev/null

ExecuteExternalTool /Applications/Xcode.app/Contents/Developer/usr/bin/momc --dry-run --action generate --swift-version 5.0 --sdkroot /Applications/Xcode.app/Contents/Developer/Platforms/MacOSX.platform/Developer/SDKs/MacOSX26.2.sdk --macosx-deployment-target 15.6 --module Promtier /Users/valencia/Downloads/Apps Menu Bar/Promtier/Promtier/Core/Promtier.xcdatamodeld /Users/valencia/Library/Developer/Xcode/DerivedData/Promtier-gwtwqauqniqqumfryffqozcsjphv/Build/Intermediates.noindex/Promtier.build/Debug/Promtier.build/DerivedSources/CoreDataGenerated/Promtier

ExecuteExternalTool /Applications/Xcode.app/Contents/Developer/usr/bin/actool --version --output-format xml1

ExecuteExternalTool /Applications/Xcode.app/Contents/Developer/Toolchains/XcodeDefault.xctoolchain/usr/bin/swiftc --version

ExecuteExternalTool /Applications/Xcode.app/Contents/Developer/Toolchains/XcodeDefault.xctoolchain/usr/bin/ld -version_details

Build description signature: f574f6114abff02119f0a6caa8f415d7
Build description path: /Users/valencia/Library/Developer/Xcode/DerivedData/Promtier-gwtwqauqniqqumfryffqozcsjphv/Build/Intermediates.noindex/XCBuildData/f574f6114abff02119f0a6caa8f415d7.xcbuilddata
ClangStatCache /Applications/Xcode.app/Contents/Developer/Toolchains/XcodeDefault.xctoolchain/usr/bin/clang-stat-cache /Applications/Xcode.app/Contents/Developer/Platforms/MacOSX.platform/Developer/SDKs/MacOSX26.2.sdk /Users/valencia/Library/Developer/Xcode/DerivedData/SDKStatCaches.noindex/macosx26.2-25C57-00fa09913b459cbbc988d1f6730289ae.sdkstatcache
    cd /Users/valencia/Downloads/Apps\ Menu\ Bar/Promtier/Promtier.xcodeproj
    /Applications/Xcode.app/Contents/Developer/Toolchains/XcodeDefault.xctoolchain/usr/bin/clang-stat-cache /Applications/Xcode.app/Contents/Developer/Platforms/MacOSX.platform/Developer/SDKs/MacOSX26.2.sdk -o /Users/valencia/Library/Developer/Xcode/DerivedData/SDKStatCaches.noindex/macosx26.2-25C57-00fa09913b459cbbc988d1f6730289ae.sdkstatcache

note: Disabling hardened runtime with ad-hoc codesigning. (in target 'Promtier' from project 'Promtier')
ProcessInfoPlistFile /Users/valencia/Library/Developer/Xcode/DerivedData/Promtier-gwtwqauqniqqumfryffqozcsjphv/Build/Products/Debug/Promtier.app/Contents/Info.plist /Users/valencia/Library/Developer/Xcode/DerivedData/Promtier-gwtwqauqniqqumfryffqozcsjphv/Build/Intermediates.noindex/Promtier.build/Debug/Promtier.build/empty-Promtier.plist (in target 'Promtier' from project 'Promtier')
    cd /Users/valencia/Downloads/Apps\ Menu\ Bar/Promtier
    builtin-infoPlistUtility /Users/valencia/Library/Developer/Xcode/DerivedData/Promtier-gwtwqauqniqqumfryffqozcsjphv/Build/Intermediates.noindex/Promtier.build/Debug/Promtier.build/empty-Promtier.plist -producttype com.apple.product-type.application -genpkginfo /Users/valencia/Library/Developer/Xcode/DerivedData/Promtier-gwtwqauqniqqumfryffqozcsjphv/Build/Products/Debug/Promtier.app/Contents/PkgInfo -expandbuildsettings -platform macosx -additionalcontentfile /Users/valencia/Library/Developer/Xcode/DerivedData/Promtier-gwtwqauqniqqumfryffqozcsjphv/Build/Intermediates.noindex/Promtier.build/Debug/Promtier.build/assetcatalog_generated_info.plist -scanforprivacyfile /Users/valencia/Library/Developer/Xcode/DerivedData/Promtier-gwtwqauqniqqumfryffqozcsjphv/Build/Products/Debug/Promtier.app/Contents/Frameworks/Sparkle.framework -o /Users/valencia/Library/Developer/Xcode/DerivedData/Promtier-gwtwqauqniqqumfryffqozcsjphv/Build/Products/Debug/Promtier.app/Contents/Info.plist

** BUILD SUCCEEDED **

