Command line invocation:
    /Applications/Xcode.app/Contents/Developer/usr/bin/xcodebuild -scheme Promtier -configuration Debug -sdk macosx

Build settings from command line:
    SDKROOT = macosx26.2

Resolve Package Graph


Resolved source packages:
  Sparkle: https://github.com/sparkle-project/Sparkle @ 2.9.0

--- xcodebuild: WARNING: Using the first of multiple matching destinations:
{ platform:macOS, arch:arm64, id:00008103-000C15190AE2001E, name:My Mac }
{ platform:macOS, arch:x86_64, id:00008103-000C15190AE2001E, name:My Mac }
{ platform:macOS, name:Any Mac }
ComputePackagePrebuildTargetDependencyGraph

Prepare packages

CreateBuildRequest

SendProjectDescription

CreateBuildOperation

ComputeTargetDependencyGraph
note: Building targets in dependency order
note: Target dependency graph (2 targets)
    Target 'Promtier' in project 'Promtier'
        ➜ Explicit dependency on target 'Sparkle' in project 'Sparkle'
    Target 'Sparkle' in project 'Sparkle' (no dependencies)

GatherProvisioningInputs

CreateBuildDescription

ExecuteExternalTool /Applications/Xcode.app/Contents/Developer/Toolchains/XcodeDefault.xctoolchain/usr/bin/clang -v -E -dM -isysroot /Applications/Xcode.app/Contents/Developer/Platforms/MacOSX.platform/Developer/SDKs/MacOSX26.2.sdk -x c -c /dev/null

ExecuteExternalTool /Applications/Xcode.app/Contents/Developer/usr/bin/momc --dry-run --action generate --swift-version 5.0 --sdkroot /Applications/Xcode.app/Contents/Developer/Platforms/MacOSX.platform/Developer/SDKs/MacOSX26.2.sdk --macosx-deployment-target 15.6 --module Promtier /Users/valencia/Downloads/Apps Menu Bar/Promtier/Promtier/Core/Promtier.xcdatamodeld /Users/valencia/Library/Developer/Xcode/DerivedData/Promtier-gwtwqauqniqqumfryffqozcsjphv/Build/Intermediates.noindex/Promtier.build/Debug/Promtier.build/DerivedSources/CoreDataGenerated/Promtier

ExecuteExternalTool /Applications/Xcode.app/Contents/Developer/usr/bin/actool --version --output-format xml1

ExecuteExternalTool /Applications/Xcode.app/Contents/Developer/Toolchains/XcodeDefault.xctoolchain/usr/bin/swiftc --version

ExecuteExternalTool /Applications/Xcode.app/Contents/Developer/Toolchains/XcodeDefault.xctoolchain/usr/bin/ld -version_details

Build description signature: cc5d06b7e51496420083cbad5a0dd824
Build description path: /Users/valencia/Library/Developer/Xcode/DerivedData/Promtier-gwtwqauqniqqumfryffqozcsjphv/Build/Intermediates.noindex/XCBuildData/cc5d06b7e51496420083cbad5a0dd824.xcbuilddata
ClangStatCache /Applications/Xcode.app/Contents/Developer/Toolchains/XcodeDefault.xctoolchain/usr/bin/clang-stat-cache /Applications/Xcode.app/Contents/Developer/Platforms/MacOSX.platform/Developer/SDKs/MacOSX26.2.sdk /Users/valencia/Library/Developer/Xcode/DerivedData/SDKStatCaches.noindex/macosx26.2-25C57-00fa09913b459cbbc988d1f6730289ae.sdkstatcache
    cd /Users/valencia/Downloads/Apps\ Menu\ Bar/Promtier/Promtier.xcodeproj
    /Applications/Xcode.app/Contents/Developer/Toolchains/XcodeDefault.xctoolchain/usr/bin/clang-stat-cache /Applications/Xcode.app/Contents/Developer/Platforms/MacOSX.platform/Developer/SDKs/MacOSX26.2.sdk -o /Users/valencia/Library/Developer/Xcode/DerivedData/SDKStatCaches.noindex/macosx26.2-25C57-00fa09913b459cbbc988d1f6730289ae.sdkstatcache

ProcessProductPackaging /Users/valencia/Downloads/Apps\ Menu\ Bar/Promtier/Promtier/Promtier.entitlements /Users/valencia/Library/Developer/Xcode/DerivedData/Promtier-gwtwqauqniqqumfryffqozcsjphv/Build/Intermediates.noindex/Promtier.build/Debug/Promtier.build/Promtier.app.xcent (in target 'Promtier' from project 'Promtier')
    cd /Users/valencia/Downloads/Apps\ Menu\ Bar/Promtier
    
    Entitlements:
    
    {
    "com.apple.security.app-sandbox" = 1;
    "com.apple.security.automation.apple-events" = 1;
    "com.apple.security.cs.disable-library-validation" = 1;
    "com.apple.security.files.user-selected.read-write" = 1;
    "com.apple.security.get-task-allow" = 1;
    "com.apple.security.network.client" = 1;
}
    
    builtin-productPackagingUtility /Users/valencia/Downloads/Apps\ Menu\ Bar/Promtier/Promtier/Promtier.entitlements -entitlements -format xml -o /Users/valencia/Library/Developer/Xcode/DerivedData/Promtier-gwtwqauqniqqumfryffqozcsjphv/Build/Intermediates.noindex/Promtier.build/Debug/Promtier.build/Promtier.app.xcent

ProcessProductPackagingDER /Users/valencia/Library/Developer/Xcode/DerivedData/Promtier-gwtwqauqniqqumfryffqozcsjphv/Build/Intermediates.noindex/Promtier.build/Debug/Promtier.build/Promtier.app.xcent /Users/valencia/Library/Developer/Xcode/DerivedData/Promtier-gwtwqauqniqqumfryffqozcsjphv/Build/Intermediates.noindex/Promtier.build/Debug/Promtier.build/Promtier.app.xcent.der (in target 'Promtier' from project 'Promtier')
    cd /Users/valencia/Downloads/Apps\ Menu\ Bar/Promtier
    /usr/bin/derq query -f xml -i /Users/valencia/Library/Developer/Xcode/DerivedData/Promtier-gwtwqauqniqqumfryffqozcsjphv/Build/Intermediates.noindex/Promtier.build/Debug/Promtier.build/Promtier.app.xcent -o /Users/valencia/Library/Developer/Xcode/DerivedData/Promtier-gwtwqauqniqqumfryffqozcsjphv/Build/Intermediates.noindex/Promtier.build/Debug/Promtier.build/Promtier.app.xcent.der --raw

SwiftDriver Promtier normal arm64 com.apple.xcode.tools.swift.compiler (in target 'Promtier' from project 'Promtier')
    cd /Users/valencia/Downloads/Apps\ Menu\ Bar/Promtier
    builtin-SwiftDriver -- /Applications/Xcode.app/Contents/Developer/Toolchains/XcodeDefault.xctoolchain/usr/bin/swiftc -module-name Promtier -Onone -enforce-exclusivity\=checked @/Users/valencia/Library/Developer/Xcode/DerivedData/Promtier-gwtwqauqniqqumfryffqozcsjphv/Build/Intermediates.noindex/Promtier.build/Debug/Promtier.build/Objects-normal/arm64/Promtier.SwiftFileList -DDEBUG -default-isolation\=MainActor -enable-bare-slash-regex -enable-upcoming-feature DisableOutwardActorInference -enable-upcoming-feature InferSendableFromCaptures -enable-upcoming-feature GlobalActorIsolatedTypesUsability -enable-upcoming-feature MemberImportVisibility -enable-upcoming-feature InferIsolatedConformances -enable-upcoming-feature NonisolatedNonsendingByDefault -enable-experimental-feature DebugDescriptionMacro -sdk /Applications/Xcode.app/Contents/Developer/Platforms/MacOSX.platform/Developer/SDKs/MacOSX26.2.sdk -target arm64-apple-macos15.6 -g -module-cache-path /Users/valencia/Library/Developer/Xcode/DerivedData/ModuleCache.noindex -Xfrontend -serialize-debugging-options -enable-testing -index-store-path /Users/valencia/Library/Developer/Xcode/DerivedData/Promtier-gwtwqauqniqqumfryffqozcsjphv/Index.noindex/DataStore -Xcc -D_LIBCPP_HARDENING_MODE\=_LIBCPP_HARDENING_MODE_DEBUG -swift-version 5 -I /Users/valencia/Library/Developer/Xcode/DerivedData/Promtier-gwtwqauqniqqumfryffqozcsjphv/Build/Products/Debug -F /Users/valencia/Library/Developer/Xcode/DerivedData/Promtier-gwtwqauqniqqumfryffqozcsjphv/Build/Products/Debug -emit-localized-strings -emit-localized-strings-path /Users/valencia/Library/Developer/Xcode/DerivedData/Promtier-gwtwqauqniqqumfryffqozcsjphv/Build/Intermediates.noindex/Promtier.build/Debug/Promtier.build/Objects-normal/arm64 -c -j8 -enable-batch-mode -incremental -Xcc -ivfsstatcache -Xcc /Users/valencia/Library/Developer/Xcode/DerivedData/SDKStatCaches.noindex/macosx26.2-25C57-00fa09913b459cbbc988d1f6730289ae.sdkstatcache -output-file-map /Users/valencia/Library/Developer/Xcode/DerivedData/Promtier-gwtwqauqniqqumfryffqozcsjphv/Build/Intermediates.noindex/Promtier.build/Debug/Promtier.build/Objects-normal/arm64/Promtier-OutputFileMap.json -use-frontend-parseable-output -save-temps -no-color-diagnostics -explicit-module-build -module-cache-path /Users/valencia/Library/Developer/Xcode/DerivedData/Promtier-gwtwqauqniqqumfryffqozcsjphv/Build/Intermediates.noindex/SwiftExplicitPrecompiledModules -clang-scanner-module-cache-path /Users/valencia/Library/Developer/Xcode/DerivedData/ModuleCache.noindex -sdk-module-cache-path /Users/valencia/Library/Developer/Xcode/DerivedData/ModuleCache.noindex -serialize-diagnostics -emit-dependencies -emit-module -emit-module-path /Users/valencia/Library/Developer/Xcode/DerivedData/Promtier-gwtwqauqniqqumfryffqozcsjphv/Build/Intermediates.noindex/Promtier.build/Debug/Promtier.build/Objects-normal/arm64/Promtier.swiftmodule -validate-clang-modules-once -clang-build-session-file /Users/valencia/Library/Developer/Xcode/DerivedData/ModuleCache.noindex/Session.modulevalidation -Xcc -I/Users/valencia/Library/Developer/Xcode/DerivedData/Promtier-gwtwqauqniqqumfryffqozcsjphv/Build/Intermediates.noindex/Promtier.build/Debug/Promtier.build/swift-overrides.hmap -emit-const-values -Xfrontend -const-gather-protocols-file -Xfrontend /Users/valencia/Library/Developer/Xcode/DerivedData/Promtier-gwtwqauqniqqumfryffqozcsjphv/Build/Intermediates.noindex/Promtier.build/Debug/Promtier.build/Objects-normal/arm64/Promtier_const_extract_protocols.json -Xcc -iquote -Xcc /Users/valencia/Library/Developer/Xcode/DerivedData/Promtier-gwtwqauqniqqumfryffqozcsjphv/Build/Intermediates.noindex/Promtier.build/Debug/Promtier.build/Promtier-generated-files.hmap -Xcc -I/Users/valencia/Library/Developer/Xcode/DerivedData/Promtier-gwtwqauqniqqumfryffqozcsjphv/Build/Intermediates.noindex/Promtier.build/Debug/Promtier.build/Promtier-own-target-headers.hmap -Xcc -I/Users/valencia/Library/Developer/Xcode/DerivedData/Promtier-gwtwqauqniqqumfryffqozcsjphv/Build/Intermediates.noindex/Promtier.build/Debug/Promtier.build/Promtier-all-target-headers.hmap -Xcc -iquote -Xcc /Users/valencia/Library/Developer/Xcode/DerivedData/Promtier-gwtwqauqniqqumfryffqozcsjphv/Build/Intermediates.noindex/Promtier.build/Debug/Promtier.build/Promtier-project-headers.hmap -Xcc -I/Users/valencia/Library/Developer/Xcode/DerivedData/Promtier-gwtwqauqniqqumfryffqozcsjphv/Build/Products/Debug/include -Xcc -I/Users/valencia/Library/Developer/Xcode/DerivedData/Promtier-gwtwqauqniqqumfryffqozcsjphv/Build/Intermediates.noindex/Promtier.build/Debug/Promtier.build/DerivedSources-normal/arm64 -Xcc -I/Users/valencia/Library/Developer/Xcode/DerivedData/Promtier-gwtwqauqniqqumfryffqozcsjphv/Build/Intermediates.noindex/Promtier.build/Debug/Promtier.build/DerivedSources/arm64 -Xcc -I/Users/valencia/Library/Developer/Xcode/DerivedData/Promtier-gwtwqauqniqqumfryffqozcsjphv/Build/Intermediates.noindex/Promtier.build/Debug/Promtier.build/DerivedSources -Xcc -DDEBUG\=1 -emit-objc-header -emit-objc-header-path /Users/valencia/Library/Developer/Xcode/DerivedData/Promtier-gwtwqauqniqqumfryffqozcsjphv/Build/Intermediates.noindex/Promtier.build/Debug/Promtier.build/Objects-normal/arm64/Promtier-Swift.h -working-directory /Users/valencia/Downloads/Apps\ Menu\ Bar/Promtier -experimental-emit-module-separately -disable-cmo
/Users/valencia/Downloads/Apps Menu Bar/Promtier/Promtier/Views/VariableFillView.swift:417:5: error: attribute 'private' can only be used in a non-local scope
    private var footerSection: some View {
    ^
/Users/valencia/Downloads/Apps Menu Bar/Promtier/Promtier/Views/VariableFillView.swift:458:5: error: attribute 'private' can only be used in a non-local scope
    private func inputField(for variable: TemplateVariable) -> some View {
    ^
/Users/valencia/Downloads/Apps Menu Bar/Promtier/Promtier/Views/VariableFillView.swift:516:5: error: attribute 'private' can only be used in a non-local scope
    private func handleSubmission(for variableId: String) {
    ^
/Users/valencia/Downloads/Apps Menu Bar/Promtier/Promtier/Views/VariableFillView.swift:532:5: error: attribute 'private' can only be used in a non-local scope
    private func statusText(for type: VariableType) -> String {
    ^
/Users/valencia/Downloads/Apps Menu Bar/Promtier/Promtier/Views/VariableFillView.swift:541:5: error: attribute 'private' can only be used in a non-local scope
    private func dateString(from date: Date, type: VariableType) -> String {
    ^
/Users/valencia/Downloads/Apps Menu Bar/Promtier/Promtier/Views/VariableFillView.swift:555:1: error: expected '}' in struct

^
/Users/valencia/Downloads/Apps Menu Bar/Promtier/Promtier/Views/VariableFillView.swift:10:31: note: to match this opening '{'
struct VariableFillView: View {
                              ^
/Users/valencia/Downloads/Apps Menu Bar/Promtier/Promtier/Views/VariableFillView.swift:417:5: error: Attribute 'private' can only be used in a non-local scope
    private var footerSection: some View {
    ^ (in target 'Promtier' from project 'Promtier')
/Users/valencia/Downloads/Apps Menu Bar/Promtier/Promtier/Views/VariableFillView.swift:458:5: error: Attribute 'private' can only be used in a non-local scope
    private func inputField(for variable: TemplateVariable) -> some View {
    ^ (in target 'Promtier' from project 'Promtier')
/Users/valencia/Downloads/Apps Menu Bar/Promtier/Promtier/Views/VariableFillView.swift:516:5: error: Attribute 'private' can only be used in a non-local scope
    private func handleSubmission(for variableId: String) {
    ^ (in target 'Promtier' from project 'Promtier')
/Users/valencia/Downloads/Apps Menu Bar/Promtier/Promtier/Views/VariableFillView.swift:532:5: error: Attribute 'private' can only be used in a non-local scope
    private func statusText(for type: VariableType) -> String {
    ^ (in target 'Promtier' from project 'Promtier')
/Users/valencia/Downloads/Apps Menu Bar/Promtier/Promtier/Views/VariableFillView.swift:541:5: error: Attribute 'private' can only be used in a non-local scope
    private func dateString(from date: Date, type: VariableType) -> String {
    ^ (in target 'Promtier' from project 'Promtier')
/Users/valencia/Downloads/Apps Menu Bar/Promtier/Promtier/Views/VariableFillView.swift:555:1: error: Expected '}' in struct

^ (in target 'Promtier' from project 'Promtier')
/Users/valencia/Downloads/Apps Menu Bar/Promtier/Promtier/Views/VariableFillView.swift:10:31: note: To match this opening '{'
struct VariableFillView: View {
                              ^ (in target 'Promtier' from project 'Promtier')

note: Disabling hardened runtime with ad-hoc codesigning. (in target 'Promtier' from project 'Promtier')
** BUILD FAILED **


The following build commands failed:
	SwiftDriver Promtier normal arm64 com.apple.xcode.tools.swift.compiler (in target 'Promtier' from project 'Promtier')
	Building project Promtier with scheme Promtier and configuration Debug
(2 failures)
